VT
1 1
VT
5 13
UVa
4 11
UVa
2 3
VT
5 13
UVa
1 1
VT
1 13
VT
1 26
VT
9 25
UVa
1 13
UVa
1 2
UVa
1 12
UVa
3 21
UVa
11 36
VT
4 8
UVa
4 23
UVa
16 33
VT
1 9
VT
7 26
UVa
1 12
UVa
9 14
VT
1 1
VT
2 38
UVa
19 28
UVa
1 8
VT
5 31
UVa
4 31
VT
14 27
VT
2 3
UVa
14 28
VT
1 1
VT
12 27
VT
1 1
VT
1 11
UVa
1 1
VT
9 29
VT
1 13
UVa
7 16
VT
5 17
VT
3 22
VT
1 3
VT
1 4
UVa
3 8
VT
1 2
VT
1 4
VT
1 1
UVa
1 2
VT
6 15
UVa
1 2
UVa
8 21
UVa
1 19
VT
1 8
VT
7 22
VT
9 15
UVa
1 8
UVa
17 30
VT
5 16
VT
17 36
UVa
3 13
VT
15 25
VT
11 25
UVa
7 23
UVa
2 6
VT
1 14
UVa
2 17
VT
1 21
VT
6 32
VT
1 1
UVa
1 30
VT
2 3
VT
5 18
VT
1 6
UVa
1 2
UVa
1 21
UVa
4 23
VT
3 8
UVa
2 15
UVa
1 1
VT
16 24
UVa
4 33
VT
1 26
UVa
1 4
VT
2 3
UVa
9 21
UVa
10 35
VT
10 19
UVa
6 12
VT
11 19
VT
1 14
VT
2 11
UVa
3 34
UVa
1 1
UVa
5 8
VT
1 1
UVa
7 18
UVa
1 5
VT
2 4
UVa
2 13
UVa
4 11
VT
1 3
UVa
19 26
VT
14 24
VT
3 22
VT
1 6
VT
9 18
VT
1 5
VT
2 11
VT
13 35
VT
1 22
UVa
3 28
UVa
1 3
VT
1 9
VT
1 4
VT
5 14
UVa
1 8
VT
1 6
UVa
1 7
VT
14 22
UVa
1 8
UVa
6 20
UVa
1 12
VT
2 4
VT
1 3
VT
1 29
VT
2 14
UVa
7 29
VT
2 5
UVa
1 8
VT
7 25
UVa
2 10
VT
1 15
VT
4 32
VT
1 3
VT
1 2
VT
4 11
UVa
1 6
VT
1 4
VT
3 19
UVa
12 31
UVa
1 2
UVa
1 35
UVa
1 10
VT
1 1
UVa
1 3
UVa
1 6
UVa
2 8
VT
1 6
UVa
1 20
UVa
15 24
VT
1 23
UVa
3 34
UVa
2 18
VT
1 2
UVa
6 11
VT
11 19
UVa
1 3
UVa
1 6
VT
3 10
UVa
12 20
VT
1 10
UVa
6 13
VT
1 19
VT
1 7
VT
20 33
VT
4 6
UVa
9 13
UVa
2 28
VT
16 30
VT
1 2
UVa
3 21
VT
3 6
VT
4 31
UVa
1 21
VT
7 23
VT
1 16
UVa
2 3
UVa
1 34
UVa
9 31
UVa
7 21
UVa
1 5
UVa
2 23
VT
1 19
VT
2 13
UVa
4 25
VT
3 23
UVa
1 7
UVa
3 25
VT
1 14
UVa
4 16
VT
8 20
VT
5 17
VT
2 8
UVa
1 2
UVa
12 32
VT
2 9
UVa
1 1
VT
2 33
UVa
1 40
VT
1 10
VT
15 20
VT
1 10
UVa
12 31
VT
2 25
VT
1 7
VT
1 18
VT
1 1
VT
1 23
UVa
9 29
UVa
1 14
UVa
1 26
VT
5 28
UVa
1 8
VT
1 5
VT
4 15
UVa
1 8
VT
1 3
VT
5 18
UVa
1 13
VT
1 1
VT
1 9
VT
5 27
VT
1 26
VT
1 1
VT
1 22
UVa
1 13
VT
2 5
UVa
12 36
VT
3 22
UVa
3 38
VT
1 1
UVa
1 3
VT
11 23
VT
1 12
UVa
1 3
UVa
2 32
UVa
6 11
VT
1 9
UVa
3 11
VT
1 28
VT
4 9
VT
2 5
UVa
2 16
VT
1 36
VT
3 15
UVa
3 13
UVa
12 23
UVa
2 11
VT
1 12
VT
4 20
VT
2 11
UVa
2 20
UVa
1 2
VT
1 6
UVa
4 25
UVa
6 28
VT
1 20
VT
4 12
VT
2 24
UVa
2 11
UVa
2 10
VT
1 27
UVa
3 8
UVa
5 9
VT
1 3
VT
1 2
UVa
1 20
VT
3 5
VT
9 17
VT
10 26
VT
1 10
VT
2 3
UVa
2 3
UVa
4 11
UVa
4 6
UVa
1 13
VT
1 4
VT
2 10
VT
2 9
UVa
13 25
UVa
1 15
UVa
3 26
VT
7 28
UVa
1 27
VT
4 29
VT
2 5
UVa
1 5
VT
1 16
UVa
2 37
UVa
1 2
UVa
4 17
UVa
3 28
VT
7 15
VT
3 13
UVa
6 18
UVa
1 18
VT
1 14
UVa
7 24
VT
1 5
UVa
1 18
VT
1 20
UVa
1 9
UVa
8 11
VT
7 31
VT
1 36
UVa
2 30
UVa
1 4
UVa
6 15
UVa
6 24
UVa
2 12
VT
1 2
UVa
6 25
UVa
1 2
UVa
1 8
UVa
1 4
UVa
4 17
UVa
3 27
VT
1 28
UVa
2 11
VT
1 26
UVa
2 16
UVa
2 39
UVa
2 10
VT
1 12
VT
1 11
UVa
1 10
UVa
1 24
UVa
11 15
VT
2 18
UVa
1 1
VT
2 24
UVa
11 31
UVa
1 6
UVa
4 24
UVa
1 1
UVa
7 24
UVa
3 24
UVa
1 25
VT
1 2
VT
2 33
VT
8 23
VT
2 7
VT
4 25
VT
1 2
UVa
3 11
VT
2 11
UVa
3 12
VT
1 2
UVa
7 13
VT
1 2
VT
2 11
VT
1 9
UVa
1 5
UVa
2 7
UVa
2 23
UVa
2 8
VT
13 31
UVa
1 9
UVa
4 6
VT
1 1
UVa
9 29
UVa
1 5
UVa
1 4
VT
12 21
VT
2 22
VT
2 12
UVa
1 18
VT
15 20
UVa
2 10
VT
2 5
VT
2 21
UVa
2 36
UVa
4 24
UVa
4 11
VT
15 31
VT
2 4
UVa
1 1
UVa
3 7
VT
2 12
VT
4 24
VT
5 13
UVa
4 14
UVa
1 4
UVa
1 16
VT
1 4
VT
3 5
VT
9 17
VT
1 1
VT
7 14
UVa
1 3
VT
7 19
UVa
1 9
VT
3 23
UVa
2 21
VT
5 15
VT
5 12
UVa
1 5
VT
1 22
VT
2 6
VT
1 6
UVa
4 19
UVa
1 27
UVa
1 9
UVa
11 25
UVa
1 3
VT
4 6
UVa
1 11
UVa
6 20
UVa
25 35
UVa
5 29
UVa
3 11
UVa
2 8
VT
3 12
UVa
1 4
UVa
1 13
VT
1 1
VT
14 26
UVa
2 6
VT
1 12
UVa
6 16
VT
1 21
UVa
6 25
UVa
13 31
UVa
1 18
VT
6 21
VT
5 16
VT
2 18
VT
1 13
VT
1 4
UVa
8 22
VT
5 14
VT
2 36
UVa
1 4
VT
15 35
VT
1 1
VT
2 15
UVa
2 20
UVa
5 7
UVa
1 2
VT
2 32
UVa
12 25
VT
1 2
UVa
2 11
VT
1 6
VT
1 5
VT
9 26
VT
2 21
VT
2 7
VT
1 3
VT
1 5
VT
1 30
VT
4 9
UVa
19 33
VT
1 33
VT
6 20
UVa
1 7
UVa
1 2
UVa
4 7
VT
1 13
UVa
1 34
UVa
3 17
VT
1 34
VT
12 20
VT
6 23
UVa
2 15
UVa
2 27
UVa
4 28
VT
3 18
VT
1 15
UVa
1 9
UVa
1 6
UVa
1 33
UVa
3 23
UVa
1 11
UVa
2 16
UVa
11 38
VT
1 2
UVa
2 9
UVa
2 8
UVa
1 2
UVa
1 2
VT
3 9
UVa
2 21
UVa
1 3
UVa
3 35
UVa
1 2
VT
7 14
VT
4 25
VT
1 8
UVa
2 6
VT
13 17
UVa
3 8
UVa
20 33
VT
5 16
VT
3 19
UVa
2 14
UVa
8 15
VT
8 34
VT
6 19
VT
2 5
VT
15 33
VT
1 33
UVa
6 17
VT
2 6
UVa
9 19
VT
1 19
UVa
3 24
UVa
1 3
VT
1 1
UVa
5 33
VT
8 19
VT
6 23
UVa
4 26
VT
1 1
UVa
2 32
VT
1 14
UVa
1 9
VT
1 1
UVa
3 5
VT
3 9
VT
2 16
VT
1 13
VT
1 19
VT
17 34
VT
4 23
UVa
4 16
UVa
1 27
UVa
1 6
VT
2 10
UVa
4 9
VT
1 4
VT
1 1
VT
2 19
VT
1 23
UVa
1 17
VT
1 11
UVa
6 10
UVa
2 8
VT
9 14
UVa
7 15
VT
1 1
UVa
10 36
VT
16 26
UVa
7 26
VT
2 11
VT
3 14
VT
1 14
VT
5 22
VT
7 26
VT
3 9
UVa
6 25
VT
10 17
VT
4 15
VT
2 20
VT
5 7
UVa
16 25
UVa
3 20
UVa
1 22
VT
5 16
VT
12 26
VT
1 15
UVa
1 1
UVa
2 10
UVa
1 7
VT
3 6
VT
2 18
VT
4 8
UVa
14 29
UVa
1 2
VT
1 4
VT
4 23
VT
6 23
UVa
1 9
UVa
1 23
VT
22 26
UVa
4 10
UVa
7 36
VT
4 23
VT
11 35
UVa
8 18
UVa
1 25
UVa
4 11
UVa
4 9
UVa
1 29
VT
2 27
VT
2 4
VT
1 18
UVa
5 8
VT
4 7
UVa
8 18
UVa
1 30
UVa
1 7
UVa
7 24
UVa
6 22
VT
1 20
VT
1 21
UVa
2 17
VT
2 8
VT
12 24
UVa
1 2
UVa
8 12
VT
3 8
UVa
1 15
UVa
5 19
VT
16 27
VT
1 5
VT
1 12
UVa
1 25
UVa
1 3
VT
1 4
VT
10 30
UVa
1 8
VT
2 22
UVa
3 5
UVa
1 16
UVa
1 1
UVa
3 9
UVa
1 3
UVa
1 1
UVa
3 20
UVa
4 10
VT
3 7
VT
1 1
UVa
1 17
UVa
2 16
VT
1 6
VT
4 23
VT
1 7
UVa
7 25
VT
4 7
VT
8 13
UVa
2 7
UVa
2 8
VT
2 6
UVa
1 29
VT
3 8
UVa
2 24
UVa
2 34
VT
3 6
VT
3 32
UVa
2 14
UVa
1 17
VT
4 37
UVa
3 9
UVa
4 16
UVa
1 10
UVa
10 23
UVa
5 8
UVa
3 9
UVa
2 6
VT
2 37
UVa
7 30
UVa
3 7
VT
1 19
VT
8 18
UVa
1 7
VT
11 16
UVa
2 3
VT
1 18
VT
3 15
UVa
4 27
VT
5 7
VT
3 23
UVa
1 12
VT
2 7
UVa
7 17
VT
5 9
UVa
8 21
VT
1 9
UVa
2 8
VT
1 7
UVa
2 9
VT
7 20
VT
1 2
UVa
2 12
UVa
1 19
UVa
2 13
UVa
12 26
VT
3 11
UVa
1 18
UVa
2 22
VT
1 12
UVa
1 1
VT
2 3
VT
7 14
UVa
6 26
UVa
10 27
UVa
1 1
VT
1 4
UVa
1 1
UVa
1 6
VT
11 29
UVa
3 20
VT
2 3
UVa
2 8
UVa
1 11
UVa
4 22
VT
9 13
UVa
2 5
UVa
2 10
UVa
21 36
UVa
11 20
UVa
1 39
VT
12 37
UVa
3 7
UVa
4 31
VT
1 12
VT
5 26
VT
1 17
UVa
4 11
UVa
2 19
UVa
1 9
VT
3 29
UVa
2 11
UVa
1 21
UVa
1 1
VT
5 17
UVa
1 17
UVa
18 33
VT
3 5
UVa
4 26
UVa
3 5
UVa
15 30
VT
4 10
UVa
2 10
VT
1 23
UVa
1 2
VT
1 2
VT
2 17
UVa
2 3
VT
9 26
UVa
1 2
VT
1 7
VT
7 11
UVa
1 3
VT
1 14
UVa
4 15
VT
3 14
VT
1 31
UVa
20 35
VT
1 2
VT
1 9
UVa
6 29
VT
1 10
VT
2 26
UVa
18 37
UVa
1 22
UVa
4 8
VT
2 4
UVa
3 12
UVa
4 13
VT
1 15
UVa
1 3
VT
1 2
VT
2 15
UVa
1 11
UVa
1 14
UVa
24 28
UVa
1 1
VT
1 17
VT
2 5
VT
1 35
VT
2 4
VT
1 1
VT
1 2
UVa
3 12
UVa
2 18
UVa
3 19
UVa
1 12
UVa
5 18
UVa
1 13
UVa
1 2
VT
8 16
VT
6 16
UVa
1 5
UVa
8 24
VT
18 29
UVa
2 7
UVa
1 12
VT
6 22
VT
3 11
UVa
1 26
VT
1 5
UVa
2 8
UVa
10 25
VT
1 2
VT
2 11
VT
1 1
VT
4 11
UVa
1 14
UVa
8 35
VT
5 20
VT
2 15
UVa
3 8
UVa
10 18
VT
15 22
UVa
1 16
UVa
1 13
VT
3 12
UVa
10 20
UVa
3 23
UVa
1 20
UVa
1 13
UVa
5 17
VT
4 8
VT
2 3
UVa
1 14
VT
2 18
VT
2 35
VT
1 4
UVa
1 3
UVa
2 12
UVa
2 10
VT
9 24
UVa
2 11
VT
6 15
VT
2 3
UVa
11 26
VT
5 27
UVa
1 15
VT
1 5
VT
2 15
VT
1 1
UVa
5 25
VT
13 30
UVa
1 16
VT
3 23
UVa
3 14
UVa
1 26
UVa
1 8
VT
1 7
UVa
2 9
VT
5 29
UVa
6 17
UVa
1 28
VT
1 3
UVa
7 27
UVa
1 34
UVa
4 10
UVa
2 14
UVa
3 11
UVa
2 28
UVa
2 16
VT
1 17
UVa
2 4
UVa
4 12
VT
1 12
VT
5 9
VT
1 14
UVa
1 1
VT
2 8
VT
2 8
UVa
1 22
UVa
2 3
UVa
1 25
UVa
3 12
VT
1 28
UVa
1 23
VT
1 1
UVa
12 31
UVa
5 8
VT
6 11
VT
2 12
UVa
1 17
UVa
1 1
UVa
15 27
VT
2 14
UVa
3 8
VT
2 16
VT
1 4
UVa
1 4
VT
2 6
VT
1 4
UVa
7 10
VT
2 3
VT
4 26
UVa
1 2
VT
1 4
VT
1 7
VT
28 40
VT
16 30
VT
1 3
UVa
2 3
UVa
12 25
UVa
1 4
UVa
1 20
UVa
12 22
VT
11 24
VT
3 27
VT
1 4
VT
5 21
UVa
4 8
UVa
1 4
UVa
2 10
VT
8 17
UVa
2 34
VT
1 3
VT
1 2
UVa
3 11
UVa
6 19
VT
1 13
UVa
2 16
UVa
2 3
VT
2 7
VT
2 3
VT
1 39
UVa
2 25
VT
1 2
VT
1 14
UVa
2 3
VT
15 30
VT
2 11
VT
3 12
VT
4 38
VT
16 36
VT
2 8
VT
1 5
UVa
7 17
VT
7 27
VT
2 25
UVa
1 2
UVa
1 1
VT
1 8
VT
7 16
UVa
6 27
VT
1 2
UVa
2 21
VT
2 14
UVa
2 3
VT
1 1
UVa
4 25
VT
2 6
UVa
1 13
VT
2 11
VT
2 4
UVa
1 5
UVa
1 1
VT
1 1
UVa
7 35
VT
1 26
UVa
4 32
VT
7 18
VT
17 28
VT
2 9
UVa
1 1
UVa
1 1
UVa
1 8
VT
1 3
UVa
2 19
VT
1 11
VT
1 1
VT
1 2
VT
1 1
UVa
1 5
VT
3 26
UVa
1 2
UVa
6 29
VT
5 25
VT
1 23
UVa
1 4
VT
7 10
VT
4 20
UVa
1 23
UVa
2 32
UVa
12 27
VT
2 15
VT
2 4
UVa
1 1
VT
14 19
UVa
4 14
VT
6 19
UVa
1 5
VT
1 6
VT
2 3
UVa
2 6
VT
2 31
UVa
2 17
VT
2 5
VT
1 7
UVa
1 4
UVa
1 22
UVa
1 4
UVa
1 1
VT
14 29
UVa
1 10
VT
2 18
VT
1 4
VT
2 6
VT
2 8
UVa
6 35
VT
4 6
VT
2 10
UVa
1 21
UVa
4 11
UVa
14 22
VT
7 23
UVa
6 12
UVa
18 34
VT
2 18
UVa
1 1
VT
1 21
UVa
1 27
VT
1 27
VT
2 13
VT
1 12
VT
2 5
